c:\users\charles\desktop\c++ projects\projects\lone assassin\lone assassin\release\texture.obj
c:\users\charles\desktop\c++ projects\projects\lone assassin\lone assassin\release\mesh.obj
c:\users\charles\desktop\c++ projects\projects\lone assassin\lone assassin\release\tile.obj
c:\users\charles\desktop\c++ projects\projects\lone assassin\lone assassin\release\input.obj
c:\users\charles\desktop\c++ projects\projects\lone assassin\lone assassin\release\entity.obj
c:\users\charles\desktop\c++ projects\projects\lone assassin\lone assassin\release\world.obj
c:\users\charles\desktop\c++ projects\projects\lone assassin\lone assassin\release\maincomponent.obj
c:\users\charles\desktop\c++ projects\projects\lone assassin\lone assassin\release\main.obj
c:\users\charles\desktop\c++ projects\projects\lone assassin\lone assassin\release\game.obj
c:\users\charles\desktop\c++ projects\projects\lone assassin\lone assassin\release\display.obj
c:\users\charles\desktop\c++ projects\projects\lone assassin\lone assassin\release\time.obj
c:\users\charles\desktop\c++ projects\projects\lone assassin\lone assassin\release\sprite.obj
c:\users\charles\desktop\c++ projects\projects\lone assassin\lone assassin\release\shader.obj
c:\users\charles\desktop\c++ projects\projects\lone assassin\lone assassin\release\mathfunctions.obj
c:\users\charles\desktop\c++ projects\projects\lone assassin\lone assassin\release\vc110.pdb
c:\users\charles\desktop\c++ projects\projects\lone assassin\lone assassin\release\stb_image.obj
c:\users\charles\desktop\c++ projects\projects\lone assassin\release\lone assassin.exe
c:\users\charles\desktop\c++ projects\projects\lone assassin\release\lone assassin.pdb
c:\users\charles\desktop\c++ projects\projects\lone assassin\lone assassin\release\vc120.pdb
c:\users\charles\desktop\c++ projects\projects\lone assassin\lone assassin\release\lone assassin.obj
c:\users\charles\desktop\c++ projects\projects\lone assassin\lone assassin\release\statistics.obj
c:\users\charles\desktop\c++ projects\projects\lone assassin\lone assassin\release\cl.command.1.tlog
c:\users\charles\desktop\c++ projects\projects\lone assassin\lone assassin\release\cl.read.1.tlog
c:\users\charles\desktop\c++ projects\projects\lone assassin\lone assassin\release\cl.write.1.tlog
c:\users\charles\desktop\c++ projects\projects\lone assassin\lone assassin\release\link-cvtres.read.1.tlog
c:\users\charles\desktop\c++ projects\projects\lone assassin\lone assassin\release\link-cvtres.write.1.tlog
c:\users\charles\desktop\c++ projects\projects\lone assassin\lone assassin\release\link-rc.read.1.tlog
c:\users\charles\desktop\c++ projects\projects\lone assassin\lone assassin\release\link-rc.write.1.tlog
c:\users\charles\desktop\c++ projects\projects\lone assassin\lone assassin\release\link.command.1.tlog
c:\users\charles\desktop\c++ projects\projects\lone assassin\lone assassin\release\link.read.1.tlog
c:\users\charles\desktop\c++ projects\projects\lone assassin\lone assassin\release\link.write.1.tlog
c:\users\charles\desktop\c++ projects\projects\lone assassin\lone assassin\release\vc100.pdb
c:\users\charles\desktop\c++ projects\projects\lone assassin\lone assassin\release\lone assassin.tlog\cl.command.1.tlog
c:\users\charles\desktop\c++ projects\projects\lone assassin\lone assassin\release\lone assassin.tlog\cl.read.1.tlog
c:\users\charles\desktop\c++ projects\projects\lone assassin\lone assassin\release\lone assassin.tlog\cl.write.1.tlog
c:\users\charles\desktop\c++ projects\projects\lone assassin\lone assassin\release\lone assassin.tlog\link.command.1.tlog
c:\users\charles\desktop\c++ projects\projects\lone assassin\lone assassin\release\lone assassin.tlog\link.read.1.tlog
c:\users\charles\desktop\c++ projects\projects\lone assassin\lone assassin\release\lone assassin.tlog\link.write.1.tlog
