Build started 8/21/2015 3:08:54 PM.
     1>Project "C:\Users\Charles\Desktop\C++ Projects\Projects\lone assassin\lone assassin\lone assassin.vcxproj" on node 2 (Build target(s)).
     1>ClCompile:
         C:\Program Files (x86)\Microsoft Visual Studio 12.0\VC\bin\CL.exe /c /I.\include /Zi /nologo /W3 /WX- /sdl /O2 /Oi /Oy- /GL /D WIN32 /D NDEBUG /D _CONSOLE /D _LIB /D _CRT_SECURE_NO_DEPRECATE /D _USING_V110_SDK71_ /D _UNICODE /D UNICODE /Gm- /EHsc /MD /GS /Gy /fp:precise /Zc:wchar_t /Zc:forScope /Fo"Release\\" /Fd"Release\vc120.pdb" /Gd /TP /analyze- /errorReport:prompt Display.cpp Input.cpp Sprite.cpp
         Display.cpp
     1>Display.cpp(55): warning C4244: 'argument' : conversion from 'float' to 'GLsizei', possible loss of data
     1>Display.cpp(55): warning C4244: 'argument' : conversion from 'float' to 'GLint', possible loss of data
     1>Display.cpp(57): warning C4244: 'argument' : conversion from 'float' to 'GLsizei', possible loss of data
     1>Display.cpp(57): warning C4244: 'argument' : conversion from 'float' to 'GLint', possible loss of data
     1>Display.cpp(59): warning C4244: '=' : conversion from 'int' to 'float', possible loss of data
     1>Display.cpp(60): warning C4244: '=' : conversion from 'int' to 'float', possible loss of data
         Input.cpp
         Sprite.cpp
         GLM: rotate function taking degrees as a parameter is deprecated. #define GLM_FORCE_RADIANS before including GLM headers to remove this message.
         C:\Program Files (x86)\Microsoft Visual Studio 12.0\VC\bin\CL.exe /c /I.\include /Zi /nologo /W3 /WX- /sdl /O2 /Oi /Oy- /GL /D WIN32 /D NDEBUG /D _CONSOLE /D _LIB /D _CRT_SECURE_NO_DEPRECATE /D _USING_V110_SDK71_ /D _UNICODE /D UNICODE /Gm- /EHsc /MD /GS /Gy /fp:precise /Zc:wchar_t /Zc:forScope /Fo"Release\\" /Fd"Release\vc120.pdb" /Gd /TC /analyze- /errorReport:prompt stb_image.c
         stb_image.c
       Link:
         C:\Program Files (x86)\Microsoft Visual Studio 12.0\VC\bin\link.exe /ERRORREPORT:PROMPT /OUT:"C:\Users\Charles\Desktop\C++ Projects\Projects\lone assassin\Release\lone assassin.exe" /INCREMENTAL:NO /NOLOGO /LIBPATH:.\lib SDL2.lib SDL2main.lib SDL2test.lib glew32.lib glew32s.lib OpenGL32.lib kernel32.lib user32.lib gdi32.lib winspool.lib comdlg32.lib advapi32.lib shell32.lib ole32.lib oleaut32.lib uuid.lib odbc32.lib odbccp32.lib /MANIFEST /MANIFESTUAC:"level='asInvoker' uiAccess='false'" /manifest:embed /DEBUG /PDB:"C:\Users\Charles\Desktop\C++ Projects\Projects\lone assassin\Release\lone assassin.pdb" /SUBSYSTEM:CONSOLE,"5.01" /OPT:REF /OPT:ICF /LTCG /TLBID:1 /DYNAMICBASE /NXCOMPAT /IMPLIB:"C:\Users\Charles\Desktop\C++ Projects\Projects\lone assassin\Release\lone assassin.lib" /MACHINE:X86 /SAFESEH Release\Display.obj
         Release\Entity.obj
         Release\Game.obj
         Release\Input.obj
         Release\Main.obj
         Release\MainComponent.obj
         Release\mathFunctions.obj
         Release\Mesh.obj
         Release\Shader.obj
         Release\Sprite.obj
         Release\Statistics.obj
         Release\stb_image.obj
         Release\Texture.obj
         Release\Tile.obj
         Release\Time.obj
         Release\World.obj
         Generating code
         Finished generating code
         lone assassin.vcxproj -> C:\Users\Charles\Desktop\C++ Projects\Projects\lone assassin\Release\lone assassin.exe
     1>Done Building Project "C:\Users\Charles\Desktop\C++ Projects\Projects\lone assassin\lone assassin\lone assassin.vcxproj" (Build target(s)).

Build succeeded.

Time Elapsed 00:00:04.62
