Build started 2/2/2015 11:26:44 PM.
     1>Project "C:\Users\Charles\Desktop\C++ Projects\Projects\lone assassin\lone assassin\lone assassin.vcxproj" on node 2 (Build target(s)).
     1>ClCompile:
         C:\Program Files (x86)\Microsoft Visual Studio 12.0\VC\bin\CL.exe /c /I.\include /ZI /nologo /W3 /WX- /sdl /Od /Oy- /D WIN32 /D _DEBUG /D _CONSOLE /D _LIB /D _CRT_SECURE_NO_DEPRECATE /D _UNICODE /D UNICODE /Gm /EHsc /RTC1 /MDd /GS /fp:precise /Zc:wchar_t /Zc:forScope /Fo"Debug\\" /Fd"Debug\vc120.pdb" /Gd /TP /analyze- /errorReport:prompt Display.cpp Entity.cpp Game.cpp Input.cpp Main.cpp MainComponent.cpp mathFunctions.cpp Mesh.cpp Shader.cpp Sprite.cpp Texture.cpp Tile.cpp Time.cpp World.cpp
         World.cpp
         GLM: rotate function taking degrees as a parameter is deprecated. #define GLM_FORCE_RADIANS before including GLM headers to remove this message.
         Time.cpp
     1>c:\users\charles\desktop\c++ projects\projects\lone assassin\lone assassin\time.cpp(12): warning C4244: 'return' : conversion from 'Uint64' to 'long', possible loss of data
     1>c:\users\charles\desktop\c++ projects\projects\lone assassin\lone assassin\time.cpp(27): warning C4244: 'return' : conversion from 'Uint64' to 'long', possible loss of data
         Tile.cpp
         GLM: rotate function taking degrees as a parameter is deprecated. #define GLM_FORCE_RADIANS before including GLM headers to remove this message.
         Texture.cpp
         Sprite.cpp
         GLM: rotate function taking degrees as a parameter is deprecated. #define GLM_FORCE_RADIANS before including GLM headers to remove this message.
         Shader.cpp
         Mesh.cpp
         mathFunctions.cpp
         MainComponent.cpp
         GLM: rotate function taking degrees as a parameter is deprecated. #define GLM_FORCE_RADIANS before including GLM headers to remove this message.
         Main.cpp
         GLM: rotate function taking degrees as a parameter is deprecated. #define GLM_FORCE_RADIANS before including GLM headers to remove this message.
         Input.cpp
         Game.cpp
         GLM: rotate function taking degrees as a parameter is deprecated. #define GLM_FORCE_RADIANS before including GLM headers to remove this message.
         Entity.cpp
         GLM: rotate function taking degrees as a parameter is deprecated. #define GLM_FORCE_RADIANS before including GLM headers to remove this message.
         Display.cpp
         Generating Code...
         C:\Program Files (x86)\Microsoft Visual Studio 12.0\VC\bin\CL.exe /c /I.\include /ZI /nologo /W3 /WX- /sdl /Od /Oy- /D WIN32 /D _DEBUG /D _CONSOLE /D _LIB /D _CRT_SECURE_NO_DEPRECATE /D _UNICODE /D UNICODE /Gm /EHsc /RTC1 /MDd /GS /fp:precise /Zc:wchar_t /Zc:forScope /Fo"Debug\\" /Fd"Debug\vc120.pdb" /Gd /TC /analyze- /errorReport:prompt stb_image.c
         stb_image.c
       Link:
         C:\Program Files (x86)\Microsoft Visual Studio 12.0\VC\bin\link.exe /ERRORREPORT:PROMPT /OUT:"C:\Users\Charles\Desktop\C++ Projects\Projects\lone assassin\Debug\lone assassin.exe" /INCREMENTAL /NOLOGO /LIBPATH:.\lib SDL2.lib SDL2main.lib SDL2test.lib glew32.lib glew32s.lib OpenGL32.lib kernel32.lib user32.lib gdi32.lib winspool.lib comdlg32.lib advapi32.lib shell32.lib ole32.lib oleaut32.lib uuid.lib odbc32.lib odbccp32.lib /MANIFEST /MANIFESTUAC:"level='asInvoker' uiAccess='false'" /manifest:embed /DEBUG /PDB:"C:\Users\Charles\Desktop\C++ Projects\Projects\lone assassin\Debug\lone assassin.pdb" /SUBSYSTEM:CONSOLE /TLBID:1 /DYNAMICBASE /NXCOMPAT /IMPLIB:"C:\Users\Charles\Desktop\C++ Projects\Projects\lone assassin\Debug\lone assassin.lib" /MACHINE:X86 Debug\Display.obj
         Debug\Entity.obj
         Debug\Game.obj
         Debug\Input.obj
         Debug\Main.obj
         Debug\MainComponent.obj
         Debug\mathFunctions.obj
         Debug\Mesh.obj
         Debug\Shader.obj
         Debug\Sprite.obj
         Debug\stb_image.obj
         Debug\Texture.obj
         Debug\Tile.obj
         Debug\Time.obj
         Debug\World.obj
     1>MSVCRTD.lib(cinitexe.obj) : warning LNK4098: defaultlib 'msvcrt.lib' conflicts with use of other libs; use /NODEFAULTLIB:library
         lone assassin.vcxproj -> C:\Users\Charles\Desktop\C++ Projects\Projects\lone assassin\Debug\lone assassin.exe
     1>Done Building Project "C:\Users\Charles\Desktop\C++ Projects\Projects\lone assassin\lone assassin\lone assassin.vcxproj" (Build target(s)).

Build succeeded.

Time Elapsed 00:00:11.66
